nohup: ignoring input
2026-04-16T06:24:10Z INF Thank you for trying Cloudflare Tunnel. Doing so, without a Cloudflare account, is a quick way to experiment and try it out. However, be aware that these account-less Tunnels have no uptime guarantee, are subject to the Cloudflare Online Services Terms of Use (https://www.cloudflare.com/website-terms/), and Cloudflare reserves the right to investigate your use of Tunnels for violations of such terms. If you intend to use Tunnels in production you should use a pre-created named tunnel by following: https://developers.cloudflare.com/cloudflare-one/connections/connect-apps
2026-04-16T06:24:10Z INF Requesting new quick Tunnel on trycloudflare.com...
2026-04-16T06:24:13Z INF +--------------------------------------------------------------------------------------------+
2026-04-16T06:24:13Z INF |  Your quick Tunnel has been created! Visit it at (it may take some time to be reachable):  |
2026-04-16T06:24:13Z INF |  https://persistent-editors-module-mrs.trycloudflare.com                                   |
2026-04-16T06:24:13Z INF +--------------------------------------------------------------------------------------------+
2026-04-16T06:24:13Z INF Cannot determine default configuration path. No file [config.yml config.yaml] in [~/.cloudflared ~/.cloudflare-warp ~/cloudflare-warp /etc/cloudflared /usr/local/etc/cloudflared]
2026-04-16T06:24:13Z INF Version 2026.3.0 (Checksum 4a9e50e6d6d798e90fcd01933151a90bf7edd99a0a55c28ad18f2e16263a5c30)
2026-04-16T06:24:13Z INF GOOS: linux, GOVersion: go1.24.13, GoArch: amd64
2026-04-16T06:24:13Z INF Settings: map[ha-connections:1 protocol:quic url:http://localhost:3000]
2026-04-16T06:24:13Z INF Autoupdate frequency is set autoupdateFreq=86400000
2026-04-16T06:24:13Z INF Generated Connector ID: f3308bb9-2e11-4120-a6f0-ac742d68d0e4
2026-04-16T06:24:13Z INF Initial protocol quic
2026-04-16T06:24:13Z INF ICMP proxy will use 172.26.199.97 as source for IPv4
2026-04-16T06:24:13Z INF ICMP proxy will use fe80::215:5dff:fee6:eae0 in zone eth0 as source for IPv6
2026-04-16T06:24:13Z WRN The user running cloudflared process has a GID (group ID) that is not within ping_group_range. You might need to add that user to a group within that range, or instead update the range to encompass a group the user is already in by modifying /proc/sys/net/ipv4/ping_group_range. Otherwise cloudflared will not be able to ping this network error="Group ID 1000 is not between ping group 1 to 0"
2026-04-16T06:24:13Z WRN ICMP proxy feature is disabled error="cannot create ICMPv4 proxy: Group ID 1000 is not between ping group 1 to 0 nor ICMPv6 proxy: socket: permission denied"
2026-04-16T06:24:13Z INF ICMP proxy will use 172.26.199.97 as source for IPv4
2026-04-16T06:24:13Z INF ICMP proxy will use fe80::215:5dff:fee6:eae0 in zone eth0 as source for IPv6
2026-04-16T06:24:13Z INF Starting metrics server on 127.0.0.1:20241/metrics
2026-04-16T06:24:13Z INF Tunnel connection curve preferences: [X25519MLKEM768 CurveP256] connIndex=0 event=0 ip=198.41.200.73
2026/04/16 15:24:13 failed to sufficiently increase receive buffer size (was: 208 kiB, wanted: 7168 kiB, got: 416 kiB). See https://github.com/quic-go/quic-go/wiki/UDP-Buffer-Sizes for details.
